<?xml version="1.0" encoding="UTF-8"?>
<testsuite xmlns:xsi="http://www.w3.org/2001/XMLSchema-instance" xsi:noNamespaceSchemaLocation="https://maven.apache.org/surefire/maven-surefire-plugin/xsd/surefire-test-report.xsd" version="3.0.2" name="co.edu.uniquindio.ingesis.RunCucumberTest" time="0.25" tests="1" errors="0" skipped="0" failures="1">
  <properties>
    <property name="java.specification.version" value="21"/>
    <property name="sun.cpu.isalist" value="amd64"/>
    <property name="sun.jnu.encoding" value="Cp1252"/>
    <property name="java.class.path" value="C:\Users\Icaro\Desktop\tests-project\target\test-classes;C:\Users\Icaro\Desktop\tests-project\target\classes;C:\Users\Icaro\.m2\repository\io\cucumber\cucumber-java\7.21.1\cucumber-java-7.21.1.jar;C:\Users\Icaro\.m2\repository\io\cucumber\cucumber-core\7.21.1\cucumber-core-7.21.1.jar;C:\Users\Icaro\.m2\repository\io\cucumber\cucumber-gherkin\7.21.1\cucumber-gherkin-7.21.1.jar;C:\Users\Icaro\.m2\repository\io\cucumber\cucumber-gherkin-messages\7.21.1\cucumber-gherkin-messages-7.21.1.jar;C:\Users\Icaro\.m2\repository\io\cucumber\gherkin\31.0.0\gherkin-31.0.0.jar;C:\Users\Icaro\.m2\repository\io\cucumber\messages\27.2.0\messages-27.2.0.jar;C:\Users\Icaro\.m2\repository\io\cucumber\testng-xml-formatter\0.3.1\testng-xml-formatter-0.3.1.jar;C:\Users\Icaro\.m2\repository\io\cucumber\query\13.2.0\query-13.2.0.jar;C:\Users\Icaro\.m2\repository\io\cucumber\tag-expressions\6.1.2\tag-expressions-6.1.2.jar;C:\Users\Icaro\.m2\repository\io\cucumber\cucumber-expressions\18.0.1\cucumber-expressions-18.0.1.jar;C:\Users\Icaro\.m2\repository\io\cucumber\datatable\7.21.1\datatable-7.21.1.jar;C:\Users\Icaro\.m2\repository\io\cucumber\cucumber-plugin\7.21.1\cucumber-plugin-7.21.1.jar;C:\Users\Icaro\.m2\repository\io\cucumber\docstring\7.21.1\docstring-7.21.1.jar;C:\Users\Icaro\.m2\repository\io\cucumber\html-formatter\21.9.0\html-formatter-21.9.0.jar;C:\Users\Icaro\.m2\repository\io\cucumber\junit-xml-formatter\0.7.1\junit-xml-formatter-0.7.1.jar;C:\Users\Icaro\.m2\repository\io\cucumber\ci-environment\10.0.1\ci-environment-10.0.1.jar;C:\Users\Icaro\.m2\repository\org\apiguardian\apiguardian-api\1.1.2\apiguardian-api-1.1.2.jar;C:\Users\Icaro\.m2\repository\io\cucumber\cucumber-junit-platform-engine\7.21.1\cucumber-junit-platform-engine-7.21.1.jar;C:\Users\Icaro\.m2\repository\org\junit\platform\junit-platform-engine\1.11.4\junit-platform-engine-1.11.4.jar;C:\Users\Icaro\.m2\repository\org\opentest4j\opentest4j\1.3.0\opentest4j-1.3.0.jar;C:\Users\Icaro\.m2\repository\org\junit\platform\junit-platform-commons\1.11.4\junit-platform-commons-1.11.4.jar;C:\Users\Icaro\.m2\repository\org\junit\platform\junit-platform-suite\1.11.4\junit-platform-suite-1.11.4.jar;C:\Users\Icaro\.m2\repository\org\junit\platform\junit-platform-suite-api\1.11.4\junit-platform-suite-api-1.11.4.jar;C:\Users\Icaro\.m2\repository\org\junit\platform\junit-platform-suite-engine\1.11.4\junit-platform-suite-engine-1.11.4.jar;C:\Users\Icaro\.m2\repository\org\junit\platform\junit-platform-suite-commons\1.11.4\junit-platform-suite-commons-1.11.4.jar;C:\Users\Icaro\.m2\repository\org\junit\platform\junit-platform-launcher\1.11.4\junit-platform-launcher-1.11.4.jar;C:\Users\Icaro\.m2\repository\org\assertj\assertj-core\3.27.3\assertj-core-3.27.3.jar;C:\Users\Icaro\.m2\repository\net\bytebuddy\byte-buddy\1.15.11\byte-buddy-1.15.11.jar;"/>
    <property name="java.vm.vendor" value="Eclipse Adoptium"/>
    <property name="sun.arch.data.model" value="64"/>
    <property name="user.variant" value=""/>
    <property name="java.vendor.url" value="https://adoptium.net/"/>
    <property name="user.timezone" value="America/Bogota"/>
    <property name="os.name" value="Windows 10"/>
    <property name="java.vm.specification.version" value="21"/>
    <property name="sun.java.launcher" value="SUN_STANDARD"/>
    <property name="user.country" value="CO"/>
    <property name="sun.boot.library.path" value="C:\Mis programas\Tools\JDK\jdk-21.0.6+7\bin"/>
    <property name="sun.java.command" value="C:\Users\Icaro\AppData\Local\Temp\surefire10734004925254769100\surefirebooter-20250505115821801_3.jar C:\Users\Icaro\AppData\Local\Temp\surefire10734004925254769100 2025-05-05T11-58-21_645-jvmRun1 surefire-20250505115821801_1tmp surefire_0-20250505115821801_2tmp"/>
    <property name="jdk.debug" value="release"/>
    <property name="surefire.test.class.path" value="C:\Users\Icaro\Desktop\tests-project\target\test-classes;C:\Users\Icaro\Desktop\tests-project\target\classes;C:\Users\Icaro\.m2\repository\io\cucumber\cucumber-java\7.21.1\cucumber-java-7.21.1.jar;C:\Users\Icaro\.m2\repository\io\cucumber\cucumber-core\7.21.1\cucumber-core-7.21.1.jar;C:\Users\Icaro\.m2\repository\io\cucumber\cucumber-gherkin\7.21.1\cucumber-gherkin-7.21.1.jar;C:\Users\Icaro\.m2\repository\io\cucumber\cucumber-gherkin-messages\7.21.1\cucumber-gherkin-messages-7.21.1.jar;C:\Users\Icaro\.m2\repository\io\cucumber\gherkin\31.0.0\gherkin-31.0.0.jar;C:\Users\Icaro\.m2\repository\io\cucumber\messages\27.2.0\messages-27.2.0.jar;C:\Users\Icaro\.m2\repository\io\cucumber\testng-xml-formatter\0.3.1\testng-xml-formatter-0.3.1.jar;C:\Users\Icaro\.m2\repository\io\cucumber\query\13.2.0\query-13.2.0.jar;C:\Users\Icaro\.m2\repository\io\cucumber\tag-expressions\6.1.2\tag-expressions-6.1.2.jar;C:\Users\Icaro\.m2\repository\io\cucumber\cucumber-expressions\18.0.1\cucumber-expressions-18.0.1.jar;C:\Users\Icaro\.m2\repository\io\cucumber\datatable\7.21.1\datatable-7.21.1.jar;C:\Users\Icaro\.m2\repository\io\cucumber\cucumber-plugin\7.21.1\cucumber-plugin-7.21.1.jar;C:\Users\Icaro\.m2\repository\io\cucumber\docstring\7.21.1\docstring-7.21.1.jar;C:\Users\Icaro\.m2\repository\io\cucumber\html-formatter\21.9.0\html-formatter-21.9.0.jar;C:\Users\Icaro\.m2\repository\io\cucumber\junit-xml-formatter\0.7.1\junit-xml-formatter-0.7.1.jar;C:\Users\Icaro\.m2\repository\io\cucumber\ci-environment\10.0.1\ci-environment-10.0.1.jar;C:\Users\Icaro\.m2\repository\org\apiguardian\apiguardian-api\1.1.2\apiguardian-api-1.1.2.jar;C:\Users\Icaro\.m2\repository\io\cucumber\cucumber-junit-platform-engine\7.21.1\cucumber-junit-platform-engine-7.21.1.jar;C:\Users\Icaro\.m2\repository\org\junit\platform\junit-platform-engine\1.11.4\junit-platform-engine-1.11.4.jar;C:\Users\Icaro\.m2\repository\org\opentest4j\opentest4j\1.3.0\opentest4j-1.3.0.jar;C:\Users\Icaro\.m2\repository\org\junit\platform\junit-platform-commons\1.11.4\junit-platform-commons-1.11.4.jar;C:\Users\Icaro\.m2\repository\org\junit\platform\junit-platform-suite\1.11.4\junit-platform-suite-1.11.4.jar;C:\Users\Icaro\.m2\repository\org\junit\platform\junit-platform-suite-api\1.11.4\junit-platform-suite-api-1.11.4.jar;C:\Users\Icaro\.m2\repository\org\junit\platform\junit-platform-suite-engine\1.11.4\junit-platform-suite-engine-1.11.4.jar;C:\Users\Icaro\.m2\repository\org\junit\platform\junit-platform-suite-commons\1.11.4\junit-platform-suite-commons-1.11.4.jar;C:\Users\Icaro\.m2\repository\org\junit\platform\junit-platform-launcher\1.11.4\junit-platform-launcher-1.11.4.jar;C:\Users\Icaro\.m2\repository\org\assertj\assertj-core\3.27.3\assertj-core-3.27.3.jar;C:\Users\Icaro\.m2\repository\net\bytebuddy\byte-buddy\1.15.11\byte-buddy-1.15.11.jar;"/>
    <property name="sun.cpu.endian" value="little"/>
    <property name="user.home" value="C:\Users\Icaro"/>
    <property name="user.language" value="es"/>
    <property name="java.specification.vendor" value="Oracle Corporation"/>
    <property name="java.version.date" value="2025-01-21"/>
    <property name="java.home" value="C:\Mis programas\Tools\JDK\jdk-21.0.6+7"/>
    <property name="file.separator" value="\"/>
    <property name="basedir" value="C:\Users\Icaro\Desktop\tests-project"/>
    <property name="java.vm.compressedOopsMode" value="Zero based"/>
    <property name="line.separator" value="&#10;"/>
    <property name="java.vm.specification.vendor" value="Oracle Corporation"/>
    <property name="java.specification.name" value="Java Platform API Specification"/>
    <property name="surefire.real.class.path" value="C:\Users\Icaro\AppData\Local\Temp\surefire10734004925254769100\surefirebooter-20250505115821801_3.jar"/>
    <property name="user.script" value=""/>
    <property name="sun.management.compiler" value="HotSpot 64-Bit Tiered Compilers"/>
    <property name="java.runtime.version" value="21.0.6+7-LTS"/>
    <property name="user.name" value="Icaro"/>
    <property name="stdout.encoding" value="Cp1252"/>
    <property name="path.separator" value=";"/>
    <property name="os.version" value="10.0"/>
    <property name="java.runtime.name" value="OpenJDK Runtime Environment"/>
    <property name="file.encoding" value="UTF-8"/>
    <property name="java.vm.name" value="OpenJDK 64-Bit Server VM"/>
    <property name="java.vendor.version" value="Temurin-21.0.6+7"/>
    <property name="localRepository" value="C:\Users\Icaro\.m2\repository"/>
    <property name="java.vendor.url.bug" value="https://github.com/adoptium/adoptium-support/issues"/>
    <property name="java.io.tmpdir" value="C:\Users\Icaro\AppData\Local\Temp\"/>
    <property name="java.version" value="21.0.6"/>
    <property name="user.dir" value="C:\Users\Icaro\Desktop\tests-project"/>
    <property name="os.arch" value="amd64"/>
    <property name="java.vm.specification.name" value="Java Virtual Machine Specification"/>
    <property name="sun.os.patch.level" value=""/>
    <property name="native.encoding" value="Cp1252"/>
    <property name="java.library.path" value="C:\Mis programas\Tools\JDK\jdk-21.0.6+7\bin;C:\WINDOWS\Sun\Java\bin;C:\WINDOWS\system32;C:\WINDOWS;C:\Users\Icaro\bin;C:\Mis programas\Git\mingw64\bin;C:\Mis programas\Git\usr\local\bin;C:\Mis programas\Git\usr\bin;C:\Mis programas\Git\usr\bin;C:\Mis programas\Git\mingw64\bin;C:\Mis programas\Git\usr\bin;C:\Users\Icaro\bin;C:\WINDOWS\system32;C:\WINDOWS;C:\WINDOWS\System32\Wbem;C:\WINDOWS\System32\WindowsPowerShell\v1.0;C:\WINDOWS\System32\OpenSSH;C:\Mis programas\nodejs;C:\Mis programas\Git\cmd;C:\Mis programas\Tools\JDK\jdk-21.0.6+7\bin;C:\Mis programas\Tools\Gestores de dependencias\apache-maven-3.9.9\bin;C:\Mis programas\Tools\Gestores de dependencias\gradle-8.11.1\bin;C:\Mis programas\Binarios;C:\Program Files\Oracle\VirtualBox;C:\Program Files\Docker\Docker\resources\bin;C:\Mis programas\Go\bin;C:\Program Files\NVIDIA Corporation\NVIDIA app\NvDLISR;C:\Program Files (x86)\NVIDIA Corporation\PhysX\Common;C:\Mis programas\TDM-GCC-64\bin;C:\Program Files\Neovim\bin;C:\Program Files\GitHub CLI;C:\Users\Icaro\AppData\Local\Programs\Python\Launcher;C:\Users\Icaro\AppData\Local\Programs\oh-my-posh\bin;C:\Users\Icaro\AppData\Local\Microsoft\WindowsApps;C:\Users\Icaro\AppData\Roaming\npm;C:\Users\Icaro\AppData\Local\gitkraken\bin;C:\Users\Icaro\AppData\Local\Microsoft\WinGet\Links;C:\Mis programas\JetBrains\PyCharm 2024.3.4\bin;C:\Users\Icaro\go\bin;C:\Users\Icaro\AppData\Local\Programs\Microsoft VS Code\bin;C:\Mis programas\Git\usr\bin\vendor_perl;C:\Mis programas\Git\usr\bin\core_perl;."/>
    <property name="java.vm.info" value="mixed mode, sharing"/>
    <property name="stderr.encoding" value="Cp1252"/>
    <property name="java.vendor" value="Eclipse Adoptium"/>
    <property name="java.vm.version" value="21.0.6+7-LTS"/>
    <property name="sun.io.unicode.encoding" value="UnicodeLittle"/>
    <property name="java.class.version" value="65.0"/>
  </properties>
  <testcase name="Is it Friday yet? - Sunday isn&apos;t Friday" classname="Is it Friday yet?" time="0.157">
    <failure message="&#10;expected: &quot;Nope&quot;&#10; but was: &quot;Yes&quot;" type="org.opentest4j.AssertionFailedError"><![CDATA[org.opentest4j.AssertionFailedError: 

expected: "Nope"
 but was: "Yes"
	at co.edu.uniquindio.ingesis.StepDefinitions.i_should_be_told(StepDefinitions.java:30)
	at ✽.I should be told "Nope"(classpath:co/edu/uniquindio/ingesis/example.feature:7)
]]></failure>
    <system-out><![CDATA[
Scenario: Sunday isn't Friday        &amp#27;[90m# co/edu/uniquindio/ingesis/example.feature:4&amp#27;[0m
  &amp#27;[32mGiven &amp#27;[0m&amp#27;[32mtoday is Sunday&amp#27;[0m              &amp#27;[90m# co.edu.uniquindio.ingesis.StepDefinitions.today_is_Sunday()&amp#27;[0m
  &amp#27;[32mWhen &amp#27;[0m&amp#27;[32mI ask whether it's Friday yet&amp#27;[0m &amp#27;[90m# co.edu.uniquindio.ingesis.StepDefinitions.i_ask_whether_it_s_Friday_yet()&amp#27;[0m
  &amp#27;[31mThen &amp#27;[0m&amp#27;[31mI should be told &amp#27;[0m&amp#27;[31m&amp#27;[1m"Nope"&amp#27;[0m       &amp#27;[90m# co.edu.uniquindio.ingesis.StepDefinitions.i_should_be_told(java.lang.String)&amp#27;[0m
      &amp#27;[31morg.opentest4j.AssertionFailedError: 
      expected: "Nope"
       but was: "Yes"
      	at co.edu.uniquindio.ingesis.StepDefinitions.i_should_be_told(StepDefinitions.java:30)
      	at ✽.I should be told "Nope"(classpath:co/edu/uniquindio/ingesis/example.feature:7)&amp#27;[0m
]]></system-out>
  </testcase>
</testsuite>